<?xml version="1.0" encoding="UTF-8"?>
<!-- Generated by org.testng.reporters.JUnitXMLReporter -->
<testsuite ignored="0" hostname="DESKTOP-M50R0NV" failures="1" tests="1" name="PulseTest" time="67.289" errors="0" timestamp="2023-02-21T17:26:23 IST">
  <testcase classname="com.nextcare.tests.TC_Claims_017" name="TC_Appointments_017_searchWithClaimReference" time="64.045">
    <failure type="java.lang.AssertionError" message="Claim status Dropdown values are not equal: Lists differ at element [3]: Not Usedd != Not Used expected [Not Usedd] but found [Not Used]">
      <![CDATA[java.lang.AssertionError: Claim status Dropdown values are not equal: Lists differ at element [3]: Not Usedd != Not Used expected [Not Usedd] but found [Not Used]
at com.nextcare.tests.TC_Claims_017.TC_Appointments_017_searchWithClaimReference(TC_Claims_017.java:156)
at java.base/java.util.ArrayList.forEach(ArrayList.java:1511)
... Removed 31 stack frames]]>
    </failure>
  </testcase> <!-- TC_Appointments_017_searchWithClaimReference -->
</testsuite> <!-- PulseTest -->
