<?xml version="1.0" encoding="UTF-8"?>
<!-- Generated by org.testng.reporters.JUnitXMLReporter -->
<testsuite ignored="4" hostname="DESKTOP-4QAPIM6" failures="0" tests="3" name="IRISTest" time="341.078" errors="0" timestamp="2023-09-20T11:23:47 IST">
  <testcase classname="com.HowNow.tests.TC_CreateCourseHownow" name="ValidatecourseCreated" time="118.594"/>
  <testcase classname="com.HowNow.tests.TC_CompleteCourse" name="ValidatingcourseCompleted" time="79.884"/>
  <testcase classname="com.HowNow.tests.TC_CheckStatusOfCourse" name="ValidatingStatusOfCourse" time="114.604"/>
  <testcase classname="com.HowNow.tests.BaseDriverUtil" name="@AfterSuite afterSuite" time="0.0">
    <ignored/>
  </testcase> <!-- @AfterSuite afterSuite -->
  <testcase classname="com.HowNow.tests.BaseDriverUtil" name="@AfterSuite afterSuite" time="0.0">
    <ignored/>
  </testcase> <!-- @AfterSuite afterSuite -->
  <testcase classname="com.HowNow.tests.BaseDriverUtil" name="@BeforeSuite beforeSuite" time="0.0">
    <ignored/>
  </testcase> <!-- @BeforeSuite beforeSuite -->
  <testcase classname="com.HowNow.tests.BaseDriverUtil" name="@BeforeSuite beforeSuite" time="0.0">
    <ignored/>
  </testcase> <!-- @BeforeSuite beforeSuite -->
</testsuite> <!-- IRISTest -->
