<?xml version="1.0" encoding="UTF-8"?>
<testng-results ignored="4" total="7" passed="3" failed="0" skipped="0">
  <reporter-output>
  </reporter-output>
  <suite started-at="2023-09-20T11:18:05 IST" name="IRIS Automation Test Suite - Functional" finished-at="2023-09-20T11:23:46 IST" duration-ms="341078">
    <groups>
    </groups>
    <test started-at="2023-09-20T11:18:05 IST" name="IRISTest" finished-at="2023-09-20T11:23:46 IST" duration-ms="341078">
      <class name="com.HowNow.tests.TC_CreateCourseHownow">
        <test-method is-config="true" signature="beforeSuite()[pri:0, instance:com.HowNow.tests.TC_CreateCourseHownow@10289886]" started-at="2023-09-20T11:18:04 IST" name="beforeSuite" finished-at="2023-09-20T11:18:05 IST" duration-ms="1430" status="PASS">
          <reporter-output>
          </reporter-output>
        </test-method> <!-- beforeSuite -->
        <test-method is-config="true" signature="beforeClass(java.lang.String,java.lang.String,java.lang.String,java.lang.String)[pri:0, instance:com.HowNow.tests.TC_CreateCourseHownow@10289886]" started-at="2023-09-20T11:18:05 IST" name="beforeClass" finished-at="2023-09-20T11:18:16 IST" duration-ms="10551" status="PASS">
          <params>
            <param index="0">
              <value>
                <![CDATA[localhost]]>
              </value>
            </param>
            <param index="1">
              <value>
                <![CDATA[5555]]>
              </value>
            </param>
            <param index="2">
              <value>
                <![CDATA[chrome]]>
              </value>
            </param>
            <param index="3">
              <value>
                <![CDATA[https://hownowindia.com/users/sign_in]]>
              </value>
            </param>
          </params>
          <reporter-output>
          </reporter-output>
        </test-method> <!-- beforeClass -->
        <test-method is-config="true" signature="beforeMethod(org.testng.ITestResult)[pri:0, instance:com.HowNow.tests.TC_CreateCourseHownow@10289886]" started-at="2023-09-20T11:18:16 IST" name="beforeMethod" finished-at="2023-09-20T11:18:16 IST" duration-ms="78" status="PASS">
          <params>
            <param index="0">
              <value>
                <![CDATA[[TestResult name={null} status=CREATED method=TC_CreateCourseHownow.ValidatecourseCreated()[pri:1, instance:com.HowNow.tests.TC_CreateCourseHownow@10289886] output={null}]]]>
              </value>
            </param>
          </params>
          <reporter-output>
          </reporter-output>
        </test-method> <!-- beforeMethod -->
        <test-method signature="ValidatecourseCreated()[pri:1, instance:com.HowNow.tests.TC_CreateCourseHownow@10289886]" started-at="2023-09-20T11:18:16 IST" name="ValidatecourseCreated" description="Creation of course " finished-at="2023-09-20T11:20:15 IST" duration-ms="118594" status="PASS">
          <reporter-output>
          </reporter-output>
        </test-method> <!-- ValidatecourseCreated -->
        <test-method is-config="true" signature="afterMethod(org.testng.ITestResult)[pri:0, instance:com.HowNow.tests.TC_CreateCourseHownow@10289886]" started-at="2023-09-20T11:20:15 IST" name="afterMethod" finished-at="2023-09-20T11:20:15 IST" duration-ms="2" status="PASS">
          <params>
            <param index="0">
              <value>
                <![CDATA[[TestResult name=ValidatecourseCreated status=SUCCESS method=TC_CreateCourseHownow.ValidatecourseCreated()[pri:1, instance:com.HowNow.tests.TC_CreateCourseHownow@10289886] output={null}]]]>
              </value>
            </param>
          </params>
          <reporter-output>
          </reporter-output>
        </test-method> <!-- afterMethod -->
        <test-method is-config="true" signature="afterClass()[pri:0, instance:com.HowNow.tests.TC_CreateCourseHownow@10289886]" started-at="2023-09-20T11:20:15 IST" name="afterClass" finished-at="2023-09-20T11:20:17 IST" duration-ms="2039" status="PASS">
          <reporter-output>
          </reporter-output>
        </test-method> <!-- afterClass -->
        <test-method is-config="true" signature="afterSuite()[pri:0, instance:com.HowNow.tests.TC_CreateCourseHownow@10289886]" started-at="2023-09-20T11:23:47 IST" name="afterSuite" finished-at="2023-09-20T11:23:49 IST" duration-ms="2805" status="PASS">
          <reporter-output>
          </reporter-output>
        </test-method> <!-- afterSuite -->
      </class> <!-- com.HowNow.tests.TC_CreateCourseHownow -->
      <class name="com.HowNow.tests.TC_CompleteCourse">
        <test-method is-config="true" signature="beforeClass(java.lang.String,java.lang.String,java.lang.String,java.lang.String)[pri:0, instance:com.HowNow.tests.TC_CompleteCourse@41f69e84]" started-at="2023-09-20T11:20:17 IST" name="beforeClass" finished-at="2023-09-20T11:20:22 IST" duration-ms="4874" status="PASS">
          <params>
            <param index="0">
              <value>
                <![CDATA[localhost]]>
              </value>
            </param>
            <param index="1">
              <value>
                <![CDATA[5555]]>
              </value>
            </param>
            <param index="2">
              <value>
                <![CDATA[chrome]]>
              </value>
            </param>
            <param index="3">
              <value>
                <![CDATA[https://hownowindia.com/users/sign_in]]>
              </value>
            </param>
          </params>
          <reporter-output>
          </reporter-output>
        </test-method> <!-- beforeClass -->
        <test-method is-config="true" signature="beforeMethod(org.testng.ITestResult)[pri:0, instance:com.HowNow.tests.TC_CompleteCourse@41f69e84]" started-at="2023-09-20T11:20:22 IST" name="beforeMethod" finished-at="2023-09-20T11:20:22 IST" duration-ms="17" status="PASS">
          <params>
            <param index="0">
              <value>
                <![CDATA[[TestResult name={null} status=CREATED method=TC_CompleteCourse.ValidatingcourseCompleted()[pri:1, instance:com.HowNow.tests.TC_CompleteCourse@41f69e84] output={null}]]]>
              </value>
            </param>
          </params>
          <reporter-output>
          </reporter-output>
        </test-method> <!-- beforeMethod -->
        <test-method signature="ValidatingcourseCompleted()[pri:1, instance:com.HowNow.tests.TC_CompleteCourse@41f69e84]" started-at="2023-09-20T11:20:22 IST" name="ValidatingcourseCompleted" description="Validate course is completed" finished-at="2023-09-20T11:21:42 IST" duration-ms="79884" status="PASS">
          <reporter-output>
          </reporter-output>
        </test-method> <!-- ValidatingcourseCompleted -->
        <test-method is-config="true" signature="afterMethod(org.testng.ITestResult)[pri:0, instance:com.HowNow.tests.TC_CompleteCourse@41f69e84]" started-at="2023-09-20T11:21:42 IST" name="afterMethod" finished-at="2023-09-20T11:21:42 IST" duration-ms="0" status="PASS">
          <params>
            <param index="0">
              <value>
                <![CDATA[[TestResult name=ValidatingcourseCompleted status=SUCCESS method=TC_CompleteCourse.ValidatingcourseCompleted()[pri:1, instance:com.HowNow.tests.TC_CompleteCourse@41f69e84] output={null}]]]>
              </value>
            </param>
          </params>
          <reporter-output>
          </reporter-output>
        </test-method> <!-- afterMethod -->
        <test-method is-config="true" signature="afterClass()[pri:0, instance:com.HowNow.tests.TC_CompleteCourse@41f69e84]" started-at="2023-09-20T11:21:42 IST" name="afterClass" finished-at="2023-09-20T11:21:43 IST" duration-ms="1744" status="PASS">
          <reporter-output>
          </reporter-output>
        </test-method> <!-- afterClass -->
      </class> <!-- com.HowNow.tests.TC_CompleteCourse -->
      <class name="com.HowNow.tests.TC_CheckStatusOfCourse">
        <test-method is-config="true" signature="beforeClass(java.lang.String,java.lang.String,java.lang.String,java.lang.String)[pri:0, instance:com.HowNow.tests.TC_CheckStatusOfCourse@7975d1d8]" started-at="2023-09-20T11:21:43 IST" name="beforeClass" finished-at="2023-09-20T11:21:49 IST" duration-ms="5830" status="PASS">
          <params>
            <param index="0">
              <value>
                <![CDATA[localhost]]>
              </value>
            </param>
            <param index="1">
              <value>
                <![CDATA[5555]]>
              </value>
            </param>
            <param index="2">
              <value>
                <![CDATA[chrome]]>
              </value>
            </param>
            <param index="3">
              <value>
                <![CDATA[https://hownowindia.com/users/sign_in]]>
              </value>
            </param>
          </params>
          <reporter-output>
          </reporter-output>
        </test-method> <!-- beforeClass -->
        <test-method is-config="true" signature="beforeMethod(org.testng.ITestResult)[pri:0, instance:com.HowNow.tests.TC_CheckStatusOfCourse@7975d1d8]" started-at="2023-09-20T11:21:49 IST" name="beforeMethod" finished-at="2023-09-20T11:21:49 IST" duration-ms="3" status="PASS">
          <params>
            <param index="0">
              <value>
                <![CDATA[[TestResult name={null} status=CREATED method=TC_CheckStatusOfCourse.ValidatingStatusOfCourse()[pri:1, instance:com.HowNow.tests.TC_CheckStatusOfCourse@7975d1d8] output={null}]]]>
              </value>
            </param>
          </params>
          <reporter-output>
          </reporter-output>
        </test-method> <!-- beforeMethod -->
        <test-method signature="ValidatingStatusOfCourse()[pri:1, instance:com.HowNow.tests.TC_CheckStatusOfCourse@7975d1d8]" started-at="2023-09-20T11:21:49 IST" name="ValidatingStatusOfCourse" description="Validate status of course " finished-at="2023-09-20T11:23:44 IST" duration-ms="114604" status="PASS">
          <reporter-output>
          </reporter-output>
        </test-method> <!-- ValidatingStatusOfCourse -->
        <test-method is-config="true" signature="afterMethod(org.testng.ITestResult)[pri:0, instance:com.HowNow.tests.TC_CheckStatusOfCourse@7975d1d8]" started-at="2023-09-20T11:23:44 IST" name="afterMethod" finished-at="2023-09-20T11:23:44 IST" duration-ms="4" status="PASS">
          <params>
            <param index="0">
              <value>
                <![CDATA[[TestResult name=ValidatingStatusOfCourse status=SUCCESS method=TC_CheckStatusOfCourse.ValidatingStatusOfCourse()[pri:1, instance:com.HowNow.tests.TC_CheckStatusOfCourse@7975d1d8] output={null}]]]>
              </value>
            </param>
          </params>
          <reporter-output>
          </reporter-output>
        </test-method> <!-- afterMethod -->
        <test-method is-config="true" signature="afterClass()[pri:0, instance:com.HowNow.tests.TC_CheckStatusOfCourse@7975d1d8]" started-at="2023-09-20T11:23:44 IST" name="afterClass" finished-at="2023-09-20T11:23:46 IST" duration-ms="2617" status="PASS">
          <reporter-output>
          </reporter-output>
        </test-method> <!-- afterClass -->
      </class> <!-- com.HowNow.tests.TC_CheckStatusOfCourse -->
    </test> <!-- IRISTest -->
  </suite> <!-- IRIS Automation Test Suite - Functional -->
</testng-results>
